#
# There is insufficient memory for the Java Runtime Environment to continue.
# Native memory allocation (malloc) failed to allocate 32744 bytes for ChunkPool::allocate
# Possible reasons:
#   The system is out of physical RAM or swap space
#   In 32 bit mode, the process size limit was hit
# Possible solutions:
#   Reduce memory load on the system
#   Increase physical memory or swap space
#   Check if swap backing store is full
#   Use 64 bit Java on a 64 bit OS
#   Decrease Java heap size (-Xmx/-Xms)
#   Decrease number of Java threads
#   Decrease Java thread stack sizes (-Xss)
#   Set larger code cache with -XX:ReservedCodeCacheSize=
# This output file may be truncated or incomplete.
#
#  Out of Memory Error (allocation.cpp:273), pid=5624, tid=1032
#
# JRE version: Java(TM) SE Runtime Environment (8.0_73-b02) (build 1.8.0_73-b02)
# Java VM: Java HotSpot(TM) 64-Bit Server VM (25.73-b02 mixed mode windows-amd64 compressed oops)
# Failed to write core dump. Minidumps are not enabled by default on client versions of Windows
#

---------------  T H R E A D  ---------------

Current thread (0x0000000016ba9000):  JavaThread "C2 CompilerThread1" daemon [_thread_in_native, id=1032, stack(0x0000000017230000,0x0000000017330000)]

Stack: [0x0000000017230000,0x0000000017330000]
[error occurred during error reporting (printing stack bounds), id 0xc0000005]

Native frames: (J=compiled Java code, j=interpreted, Vv=VM code, C=native code)


Current CompileTask:
C2:    714 1138   !   4       com.android.dx.cf.cst.ConstantPoolParser::parse0 (731 bytes)


---------------  P R O C E S S  ---------------

Java Threads: ( => current thread )
  0x00000000177db000 JavaThread "pool-2-thread-4" [_thread_in_Java, id=440, stack(0x0000000018330000,0x0000000018430000)]
  0x0000000016ee6000 JavaThread "pool-2-thread-3" [_thread_blocked, id=2652, stack(0x0000000018230000,0x0000000018330000)]
  0x0000000016ee3000 JavaThread "pool-2-thread-2" [_thread_in_vm, id=532, stack(0x0000000018130000,0x0000000018230000)]
  0x0000000016ee7000 JavaThread "pool-3-thread-1" [_thread_blocked, id=5760, stack(0x0000000018030000,0x0000000018130000)]
  0x0000000016e0d000 JavaThread "pool-2-thread-1" [_thread_blocked, id=5552, stack(0x0000000017f30000,0x0000000018030000)]
  0x0000000016bd5000 JavaThread "Service Thread" daemon [_thread_blocked, id=2184, stack(0x0000000017530000,0x0000000017630000)]
  0x0000000016bb0800 JavaThread "C1 CompilerThread3" daemon [_thread_in_native, id=4788, stack(0x0000000017430000,0x0000000017530000)]
  0x0000000016bac000 JavaThread "C2 CompilerThread2" daemon [_thread_in_native, id=4292, stack(0x0000000017330000,0x0000000017430000)]
=>0x0000000016ba9000 JavaThread "C2 CompilerThread1" daemon [_thread_in_native, id=1032, stack(0x0000000017230000,0x0000000017330000)]
  0x0000000016b56800 JavaThread "C2 CompilerThread0" daemon [_thread_in_native, id=5788, stack(0x0000000017130000,0x0000000017230000)]
  0x0000000016b54000 JavaThread "Attach Listener" daemon [_thread_blocked, id=5844, stack(0x0000000017030000,0x0000000017130000)]
  0x0000000014a6e800 JavaThread "Signal Dispatcher" daemon [_thread_blocked, id=3260, stack(0x0000000016f30000,0x0000000017030000)]
  0x0000000001f33000 JavaThread "Finalizer" daemon [_thread_blocked, id=2888, stack(0x0000000016930000,0x0000000016a30000)]
  0x0000000001f32000 JavaThread "Reference Handler" daemon [_thread_blocked, id=4216, stack(0x0000000016830000,0x0000000016930000)]
  0x0000000001e40800 JavaThread "main" [_thread_blocked, id=5100, stack(0x0000000001d40000,0x0000000001e40000)]

Other Threads:
  0x0000000014a59000 VMThread [stack: 0x0000000016730000,0x0000000016830000] [id=36]
  0x0000000016bc3000 WatcherThread [stack: 0x0000000017630000,0x0000000017730000] [id=160]

VM state:not at safepoint (normal execution)

VM Mutex/Monitor currently owned by a thread: None

Heap:
 PSYoungGen      total 38400K, used 9583K [0x00000000eab00000, 0x00000000ef600000, 0x0000000100000000)
  eden space 33280K, 13% used [0x00000000eab00000,0x00000000eaf5c188,0x00000000ecb80000)
  from space 5120K, 99% used [0x00000000ecb80000,0x00000000ed07fde0,0x00000000ed080000)
  to   space 5120K, 0% used [0x00000000ef100000,0x00000000ef100000,0x00000000ef600000)
 ParOldGen       total 87552K, used 658K [0x00000000c0000000, 0x00000000c5580000, 0x00000000eab00000)
  object space 87552K, 0% used [0x00000000c0000000,0x00000000c00a49c8,0x00000000c5580000)
 Metaspace       used 5985K, capacity 6896K, committed 7040K, reserved 1056768K
  class space    used 601K, capacity 616K, committed 640K, reserved 1048576K

Card table byte_map: [0x0000000011300000,0x0000000011510000] byte_map_base: 0x0000000010d00000

Marking Bits: (ParMarkBitMap*) 0x0000000051a90600
 Begin Bits: [0x0000000011e70000, 0x0000000012e70000)
 End Bits:   [0x0000000012e70000, 0x0000000013e70000)

Polling page: 0x00000000003b0000

CodeCache: size=245760Kb used=4465Kb max_used=4465Kb free=241294Kb
 bounds [0x0000000001f40000, 0x00000000023b0000, 0x0000000010f40000]
 total_blobs=1415 nmethods=1146 adapters=182
 compilation: enabled

Compilation events (10 events):
Event: 0.711 Thread 0x0000000016bb0800 nmethod 1145 0x000000000238ea50 code [0x000000000238eba0, 0x000000000238ed30]
Event: 0.711 Thread 0x0000000016bb0800 1135       3       com.android.dx.rop.type.StdTypeList::set (7 bytes)
Event: 0.711 Thread 0x0000000016bb0800 nmethod 1135 0x000000000238dad0 code [0x000000000238dca0, 0x000000000238e488]
Event: 0.711 Thread 0x0000000016bb0800 1137       3       com.android.dx.rop.cst.CstMemberRef::<init> (43 bytes)
Event: 0.712 Thread 0x0000000016bb0800 nmethod 1137 0x0000000002399d50 code [0x0000000002399f00, 0x000000000239a378]
Event: 0.712 Thread 0x0000000016bb0800 1147       3       com.android.dx.ssa.SsaMethod::convertRopToSsaBlocks (103 bytes)
Event: 0.713 Thread 0x0000000016bb0800 nmethod 1147 0x000000000239a550 code [0x000000000239a7c0, 0x000000000239b988]
Event: 0.713 Thread 0x0000000016bb0800 1146       3       com.android.dx.cf.code.BaseMachine::auxCstArg (20 bytes)
Event: 0.713 Thread 0x0000000016bb0800 nmethod 1146 0x000000000239c390 code [0x000000000239c500, 0x000000000239c768]
Event: 0.713 Thread 0x0000000016bb0800 1134       3       com.android.dx.cf.code.Simulator$SimVisitor::visitConstant (332 bytes)

GC Heap History (2 events):
Event: 0.598 GC heap before
{Heap before GC invocations=1 (full 0):
 PSYoungGen      total 38400K, used 33280K [0x00000000eab00000, 0x00000000ed580000, 0x0000000100000000)
  eden space 33280K, 100% used [0x00000000eab00000,0x00000000ecb80000,0x00000000ecb80000)
  from space 5120K, 0% used [0x00000000ed080000,0x00000000ed080000,0x00000000ed580000)
  to   space 5120K, 0% used [0x00000000ecb80000,0x00000000ecb80000,0x00000000ed080000)
 ParOldGen       total 87552K, used 0K [0x00000000c0000000, 0x00000000c5580000, 0x00000000eab00000)
  object space 87552K, 0% used [0x00000000c0000000,0x00000000c0000000,0x00000000c5580000)
 Metaspace       used 5937K, capacity 6896K, committed 7040K, reserved 1056768K
  class space    used 601K, capacity 616K, committed 640K, reserved 1048576K
Event: 0.635 GC heap after
Heap after GC invocations=1 (full 0):
 PSYoungGen      total 38400K, used 5119K [0x00000000eab00000, 0x00000000ef600000, 0x0000000100000000)
  eden space 33280K, 0% used [0x00000000eab00000,0x00000000eab00000,0x00000000ecb80000)
  from space 5120K, 99% used [0x00000000ecb80000,0x00000000ed07fde0,0x00000000ed080000)
  to   space 5120K, 0% used [0x00000000ef100000,0x00000000ef100000,0x00000000ef600000)
 ParOldGen       total 87552K, used 658K [0x00000000c0000000, 0x00000000c5580000, 0x00000000eab00000)
  object space 87552K, 0% used [0x00000000c0000000,0x00000000c00a49c8,0x00000000c5580000)
 Metaspace       used 5937K, capacity 6896K, committed 7040K, reserved 1056768K
  class space    used 601K, capacity 616K, committed 640K, reserved 1048576K
}

Deoptimization events (5 events):
Event: 0.175 Thread 0x0000000001e40800 Uncommon trap: reason=unstable_if action=reinterpret pc=0x0000000002094d94 method=java.lang.String.compareTo(Ljava/lang/String;)I @ 38
Event: 0.343 Thread 0x0000000016ee3000 Uncommon trap: reason=unstable_if action=reinterpret pc=0x0000000002155f7c method=java.util.HashMap.getNode(ILjava/lang/Object;)Ljava/util/HashMap$Node; @ 62
Event: 0.511 Thread 0x0000000016ee6000 Uncommon trap: reason=unstable_if action=reinterpret pc=0x00000000022180ec method=com.android.dx.rop.code.RegisterSpecSet.put(Lcom/android/dx/rop/code/RegisterSpec;)V @ 77
Event: 0.511 Thread 0x0000000016ee6000 Uncommon trap: reason=unstable_if action=reinterpret pc=0x0000000002289a6c method=com.android.dx.rop.code.RegisterSpecSet.put(Lcom/android/dx/rop/code/RegisterSpec;)V @ 77
Event: 0.525 Thread 0x0000000016ee3000 Uncommon trap: reason=unstable_if action=reinterpret pc=0x00000000021a2720 method=com.android.dx.rop.code.RegisterSpec.equals(ILcom/android/dx/rop/type/TypeBearer;Lcom/android/dx/rop/code/LocalItem;)Z @ 42

Internal exceptions (2 events):
Event: 0.037 Thread 0x0000000001e40800 Exception <a 'java/lang/NoSuchMethodError': Method sun.misc.Unsafe.defineClass(Ljava/lang/String;[BII)Ljava/lang/Class; name or signature does not match> (0x00000000eab0d2f8) thrown at [D:\re\puppet\workspace\8-2-build-windows-amd64-cygwin\jdk8u73\6086\hotÐ*Á¢¼¢?
Event: 0.037 Thread 0x0000000001e40800 Exception <a 'java/lang/NoSuchMethodError': Method sun.misc.Unsafe.prefetchRead(Ljava/lang/Object;J)V name or signature does not match> (0x00000000eab0d5e0) thrown at [D:\re\puppet\workspace\8-2-build-windows-amd64-cygwin\jdk8u73\6086\hotspot\src\share\vm\

Events (10 events):
Event: 0.511 Thread 0x0000000016ee6000 Uncommon trap: trap_request=0xffffff65 fr.pc=0x0000000002289a6c
Event: 0.511 Thread 0x0000000016ee6000 DEOPT PACKING pc=0x0000000002289a6c sp=0x000000001832e4b0
Event: 0.511 Thread 0x0000000016ee6000 DEOPT UNPACKING pc=0x0000000001f8582a sp=0x000000001832e3d0 mode 2
Event: 0.514 loading class java/util/DualPivotQuicksort
Event: 0.514 loading class java/util/DualPivotQuicksort done
Event: 0.525 Thread 0x0000000016ee3000 Uncommon trap: trap_request=0xffffff65 fr.pc=0x00000000021a2720
Event: 0.526 Thread 0x0000000016ee3000 DEOPT PACKING pc=0x00000000021a2720 sp=0x000000001822e680
Event: 0.526 Thread 0x0000000016ee3000 DEOPT UNPACKING pc=0x0000000001f8582a sp=0x000000001822e608 mode 2
Event: 0.584 Executing VM operation: ParallelGCFailedAllocation
Event: 0.635 Executing VM operation: ParallelGCFailedAllocation done


Dynamic libraries:
0x00007ff7fce20000 - 0x00007ff7fce57000 	C:\Program Files\Java\jdk1.8.0_73\bin\java.exe
0x00007ff904170000 - 0x00007ff904319000 	C:\Windows\SYSTEM32\ntdll.dll
0x00007ff901a00000 - 0x00007ff901b3a000 	C:\Windows\system32\KERNEL32.DLL
0x00007ff901850000 - 0x00007ff90195f000 	C:\Windows\system32\KERNELBASE.dll
0x00007ff903cd0000 - 0x00007ff903d75000 	C:\Windows\system32\ADVAPI32.dll
0x00007ff903300000 - 0x00007ff903471000 	C:\Windows\system32\USER32.dll
0x00007ff8fef70000 - 0x00007ff8ff1ca000 	C:\Windows\WinSxS\amd64_microsoft.windows.common-controls_6595b64144ccf1df_6.0.9600.16384_none_62475f7becb72503\COMCTL32.dll
0x00007ff903240000 - 0x00007ff9032e7000 	C:\Windows\system32\msvcrt.dll
0x00007ff903a90000 - 0x00007ff903ae7000 	C:\Windows\SYSTEM32\sechost.dll
0x00007ff903100000 - 0x00007ff903236000 	C:\Windows\system32\RPCRT4.dll
0x00007ff9035c0000 - 0x00007ff903705000 	C:\Windows\system32\GDI32.dll
0x00007ff904130000 - 0x00007ff904164000 	C:\Windows\system32\IMM32.DLL
0x00007ff903480000 - 0x00007ff9035b9000 	C:\Windows\system32\MSCTF.dll
0x0000000050d20000 - 0x0000000050df2000 	C:\Program Files\Java\jdk1.8.0_73\jre\bin\msvcr100.dll
0x0000000051280000 - 0x0000000051b10000 	C:\Program Files\Java\jdk1.8.0_73\jre\bin\server\jvm.dll
0x00007ff8fa700000 - 0x00007ff8fa709000 	C:\Windows\SYSTEM32\WSOCK32.dll
0x00007ff8fd900000 - 0x00007ff8fd91f000 	C:\Windows\SYSTEM32\WINMM.dll
0x00007ff8ffe00000 - 0x00007ff8ffe0a000 	C:\Windows\SYSTEM32\VERSION.dll
0x00007ff9038e0000 - 0x00007ff9038e7000 	C:\Windows\system32\PSAPI.DLL
0x00007ff903710000 - 0x00007ff903768000 	C:\Windows\system32\WS2_32.dll
0x00007ff8fd8c0000 - 0x00007ff8fd8ea000 	C:\Windows\SYSTEM32\WINMMBASE.dll
0x00007ff904020000 - 0x00007ff904029000 	C:\Windows\system32\NSI.dll
0x00007ff901960000 - 0x00007ff9019aa000 	C:\Windows\SYSTEM32\cfgmgr32.dll
0x00007ff900370000 - 0x00007ff900396000 	C:\Windows\SYSTEM32\DEVOBJ.dll
0x0000000051190000 - 0x000000005119f000 	C:\Program Files\Java\jdk1.8.0_73\jre\bin\verify.dll
0x0000000051160000 - 0x0000000051189000 	C:\Program Files\Java\jdk1.8.0_73\jre\bin\java.dll
0x0000000051140000 - 0x0000000051156000 	C:\Program Files\Java\jdk1.8.0_73\jre\bin\zip.dll
0x00007ff901cf0000 - 0x00007ff9030fe000 	C:\Windows\system32\SHELL32.dll
0x00007ff903af0000 - 0x00007ff903cc7000 	C:\Windows\SYSTEM32\combase.dll
0x00007ff903de0000 - 0x00007ff903e31000 	C:\Windows\system32\SHLWAPI.dll
0x00007ff900050000 - 0x00007ff9000f1000 	C:\Windows\SYSTEM32\SHCORE.dll
0x00007ff9014f0000 - 0x00007ff901504000 	C:\Windows\SYSTEM32\profapi.dll

VM Arguments:
jvm_args: -Djava.awt.headless=true -Xmx1024M -Dfile.encoding=windows-1252 -Duser.country=ES -Duser.language=es -Duser.variant 
java_command: com.android.dx.command.Main --dex --force-jumbo --num-threads=4 --multi-dex --output C:\Users\ANDROID\AndroidStudioProjects\GridView02\app\build\intermediates\transforms\dex\debug\folders\1000\10\com.android.support-appcompat-v7-24.1.1_9bc2016deaed4cd25556ad20fca3589631b6a4d3 C:\Users\ANDROID\AndroidStudioProjects\GridView02\app\build\intermediates\exploded-aar\com.android.support\appcompat-v7\24.1.1\jars\classes.jar
java_class_path (initial): C:\Users\ANDROID\AppData\Local\Android\sdk\build-tools\24.0.1\lib\dx.jar
Launcher Type: SUN_STANDARD

Environment Variables:
PATH=C:\ProgramData\Oracle\Java\javapath;C:\Windows\system32;C:\Windows;C:\Windows\System32\Wbem;C:\Windows\System32\WindowsPowerShell\v1.0\
USERNAME=ANDROID
OS=Windows_NT
PROCESSOR_IDENTIFIER=Intel64 Family 6 Model 58 Stepping 9, GenuineIntel



---------------  S Y S T E M  ---------------

OS: Windows 8.1 , 64 bit Build 9600 (6.3.9600.16384)

CPU:total 8 (4 cores per cpu, 2 threads per core) family 6 model 58 stepping 9, cmov, cx8, fxsr, mmx, sse, sse2, sse3, ssse3, sse4.1, sse4.2, popcnt, avx, aes, clmul, erms, ht, tsc, tscinvbit, tscinv

Memory: 4k page, physical 8341960k(2054560k free), swap 8341960k(5112k free)

vm_info: Java HotSpot(TM) 64-Bit Server VM (25.73-b02) for windows-amd64 JRE (1.8.0_73-b02), built on Jan 29 2016 17:38:49 by "java_re" with MS VC++ 10.0 (VS2010)

time: Sat Aug 27 19:49:20 2016
elapsed time: 0 seconds (0d 0h 0m 0s)

