#
# There is insufficient memory for the Java Runtime Environment to continue.
# Native memory allocation (malloc) failed to allocate 379920 bytes for Chunk::new
# Possible reasons:
#   The system is out of physical RAM or swap space
#   In 32 bit mode, the process size limit was hit
# Possible solutions:
#   Reduce memory load on the system
#   Increase physical memory or swap space
#   Check if swap backing store is full
#   Use 64 bit Java on a 64 bit OS
#   Decrease Java heap size (-Xmx/-Xms)
#   Decrease number of Java threads
#   Decrease Java thread stack sizes (-Xss)
#   Set larger code cache with -XX:ReservedCodeCacheSize=
# This output file may be truncated or incomplete.
#
#  Out of Memory Error (allocation.cpp:390), pid=2272, tid=5948
#
# JRE version: Java(TM) SE Runtime Environment (8.0_73-b02) (build 1.8.0_73-b02)
# Java VM: Java HotSpot(TM) 64-Bit Server VM (25.73-b02 mixed mode windows-amd64 compressed oops)
# Failed to write core dump. Minidumps are not enabled by default on client versions of Windows
#

---------------  T H R E A D  ---------------

Current thread (0x00000000172e6800):  JavaThread "C2 CompilerThread0" daemon [_thread_in_native, id=5948, stack(0x00000000178c0000,0x00000000179c0000)]

Stack: [0x00000000178c0000,0x00000000179c0000]
[error occurred during error reporting (printing stack bounds), id 0xc0000005]

Native frames: (J=compiled Java code, j=interpreted, Vv=VM code, C=native code)


Current CompileTask:
C2:   1107 1161 %     4       com.android.dx.ssa.SsaMethod::deleteInsns @ 42 (239 bytes)


---------------  P R O C E S S  ---------------

Java Threads: ( => current thread )
  0x0000000017509800 JavaThread "pool-2-thread-4" [_thread_in_Java, id=1032, stack(0x00000000182c0000,0x00000000183c0000)]
  0x00000000174df800 JavaThread "pool-2-thread-3" [_thread_blocked, id=5788, stack(0x00000000181c0000,0x00000000182c0000)]
  0x00000000174d2000 JavaThread "pool-3-thread-1" [_thread_blocked, id=3260, stack(0x0000000017fc0000,0x00000000180c0000)]
  0x00000000174d1000 JavaThread "pool-2-thread-1" [_thread_in_Java, id=2888, stack(0x0000000017ec0000,0x0000000017fc0000)]
  0x0000000017396000 JavaThread "Service Thread" daemon [_thread_blocked, id=5200, stack(0x0000000017cc0000,0x0000000017dc0000)]
  0x0000000017300000 JavaThread "C1 CompilerThread3" daemon [_thread_blocked, id=5644, stack(0x0000000017bc0000,0x0000000017cc0000)]
  0x00000000172fc000 JavaThread "C2 CompilerThread2" daemon [_thread_in_native, id=5084, stack(0x0000000017ac0000,0x0000000017bc0000)]
  0x00000000172ec000 JavaThread "C2 CompilerThread1" daemon [_thread_in_native, id=1428, stack(0x00000000179c0000,0x0000000017ac0000)]
=>0x00000000172e6800 JavaThread "C2 CompilerThread0" daemon [_thread_in_native, id=5948, stack(0x00000000178c0000,0x00000000179c0000)]
  0x00000000172e4000 JavaThread "Attach Listener" daemon [_thread_blocked, id=2664, stack(0x00000000177c0000,0x00000000178c0000)]
  0x00000000151de800 JavaThread "Signal Dispatcher" daemon [_thread_blocked, id=1524, stack(0x00000000176c0000,0x00000000177c0000)]
  0x00000000026a9000 JavaThread "Finalizer" daemon [_thread_blocked, id=2516, stack(0x00000000170c0000,0x00000000171c0000)]
  0x00000000026a2000 JavaThread "Reference Handler" daemon [_thread_blocked, id=3948, stack(0x0000000016fc0000,0x00000000170c0000)]
  0x00000000025b0800 JavaThread "main" [_thread_blocked, id=5812, stack(0x00000000023f0000,0x00000000024f0000)]

Other Threads:
  0x00000000151c9000 VMThread [stack: 0x0000000016ec0000,0x0000000016fc0000] [id=4792]
  0x000000001739b000 WatcherThread [stack: 0x0000000017dc0000,0x0000000017ec0000] [id=4148]

VM state:not at safepoint (normal execution)

VM Mutex/Monitor currently owned by a thread: None

Heap:
 PSYoungGen      total 38400K, used 13136K [0x00000000eab00000, 0x00000000ef600000, 0x0000000100000000)
  eden space 33280K, 24% used [0x00000000eab00000,0x00000000eb2da490,0x00000000ecb80000)
  from space 5120K, 99% used [0x00000000ecb80000,0x00000000ed079c98,0x00000000ed080000)
  to   space 5120K, 0% used [0x00000000ef100000,0x00000000ef100000,0x00000000ef600000)
 ParOldGen       total 87552K, used 1531K [0x00000000c0000000, 0x00000000c5580000, 0x00000000eab00000)
  object space 87552K, 1% used [0x00000000c0000000,0x00000000c017ed20,0x00000000c5580000)
 Metaspace       used 5925K, capacity 6834K, committed 7040K, reserved 1056768K
  class space    used 599K, capacity 618K, committed 640K, reserved 1048576K

Card table byte_map: [0x0000000011a70000,0x0000000011c80000] byte_map_base: 0x0000000011470000

Marking Bits: (ParMarkBitMap*) 0x0000000051a90600
 Begin Bits: [0x00000000125e0000, 0x00000000135e0000)
 End Bits:   [0x00000000135e0000, 0x00000000145e0000)

Polling page: 0x0000000000b50000

CodeCache: size=245760Kb used=4625Kb max_used=4625Kb free=241134Kb
 bounds [0x00000000026b0000, 0x0000000002b40000, 0x00000000116b0000]
 total_blobs=1435 nmethods=1166 adapters=182
 compilation: enabled

Compilation events (10 events):
Event: 1.080 Thread 0x0000000017300000 1176       3       com.android.dx.ssa.SsaConverter::placePhiFunctions (394 bytes)
Event: 1.081 Thread 0x00000000172e6800 nmethod 1154 0x0000000002b31590 code [0x0000000002b31720, 0x0000000002b32158]
Event: 1.081 Thread 0x00000000172e6800 1161 %     4       com.android.dx.ssa.SsaMethod::deleteInsns @ 42 (239 bytes)
Event: 1.084 Thread 0x0000000017300000 nmethod 1176 0x0000000002b329d0 code [0x0000000002b32f80, 0x0000000002b365a8]
Event: 1.084 Thread 0x0000000017300000 1178       1       com.android.dx.ssa.MoveParamCombiner$1::visitPhiInsn (1 bytes)
Event: 1.084 Thread 0x0000000017300000 nmethod 1178 0x0000000002b312d0 code [0x0000000002b31420, 0x0000000002b31530]
Event: 1.084 Thread 0x0000000017300000 1174       3       com.android.dx.ssa.back.FirstFitLocalCombiningAllocator::findRopRegForLocal (74 bytes)
Event: 1.084 Thread 0x0000000017300000 nmethod 1174 0x0000000002b30790 code [0x0000000002b30960, 0x0000000002b31048]
Event: 1.084 Thread 0x0000000017300000 1177       3       com.android.dx.rop.code.Rops::opMarkLocal (69 bytes)
Event: 1.085 Thread 0x0000000017300000 nmethod 1177 0x0000000002b2f410 code [0x0000000002b2f640, 0x0000000002b30218]

GC Heap History (2 events):
Event: 0.915 GC heap before
{Heap before GC invocations=1 (full 0):
 PSYoungGen      total 38400K, used 33280K [0x00000000eab00000, 0x00000000ed580000, 0x0000000100000000)
  eden space 33280K, 100% used [0x00000000eab00000,0x00000000ecb80000,0x00000000ecb80000)
  from space 5120K, 0% used [0x00000000ed080000,0x00000000ed080000,0x00000000ed580000)
  to   space 5120K, 0% used [0x00000000ecb80000,0x00000000ecb80000,0x00000000ed080000)
 ParOldGen       total 87552K, used 0K [0x00000000c0000000, 0x00000000c5580000, 0x00000000eab00000)
  object space 87552K, 0% used [0x00000000c0000000,0x00000000c0000000,0x00000000c5580000)
 Metaspace       used 5866K, capacity 6832K, committed 7040K, reserved 1056768K
  class space    used 596K, capacity 616K, committed 640K, reserved 1048576K
Event: 0.961 GC heap after
Heap after GC invocations=1 (full 0):
 PSYoungGen      total 38400K, used 5095K [0x00000000eab00000, 0x00000000ef600000, 0x0000000100000000)
  eden space 33280K, 0% used [0x00000000eab00000,0x00000000eab00000,0x00000000ecb80000)
  from space 5120K, 99% used [0x00000000ecb80000,0x00000000ed079c98,0x00000000ed080000)
  to   space 5120K, 0% used [0x00000000ef100000,0x00000000ef100000,0x00000000ef600000)
 ParOldGen       total 87552K, used 1531K [0x00000000c0000000, 0x00000000c5580000, 0x00000000eab00000)
  object space 87552K, 1% used [0x00000000c0000000,0x00000000c017ed20,0x00000000c5580000)
 Metaspace       used 5866K, capacity 6832K, committed 7040K, reserved 1056768K
  class space    used 596K, capacity 616K, committed 640K, reserved 1048576K
}

Deoptimization events (10 events):
Event: 0.596 Thread 0x00000000174dd000 Uncommon trap: reason=class_check action=maybe_recompile pc=0x00000000029906cc method=com.android.dx.ssa.NormalSsaInsn.accept(Lcom/android/dx/ssa/SsaInsn$Visitor;)V @ 9
Event: 0.596 Thread 0x00000000174dd000 Uncommon trap: reason=class_check action=maybe_recompile pc=0x00000000029906cc method=com.android.dx.ssa.NormalSsaInsn.accept(Lcom/android/dx/ssa/SsaInsn$Visitor;)V @ 9
Event: 0.596 Thread 0x00000000174dd000 Uncommon trap: reason=class_check action=maybe_recompile pc=0x00000000029906cc method=com.android.dx.ssa.NormalSsaInsn.accept(Lcom/android/dx/ssa/SsaInsn$Visitor;)V @ 9
Event: 0.597 Thread 0x00000000174dd000 Uncommon trap: reason=class_check action=maybe_recompile pc=0x00000000029906cc method=com.android.dx.ssa.NormalSsaInsn.accept(Lcom/android/dx/ssa/SsaInsn$Visitor;)V @ 9
Event: 0.597 Thread 0x00000000174dd000 Uncommon trap: reason=class_check action=maybe_recompile pc=0x0000000002964258 method=com.android.dx.ssa.NormalSsaInsn.accept(Lcom/android/dx/ssa/SsaInsn$Visitor;)V @ 9
Event: 0.673 Thread 0x00000000025b0800 Uncommon trap: reason=null_check action=make_not_entrant pc=0x0000000002a0c1dc method=com.android.dx.ssa.SsaRenamer.getLocalForNewReg(I)Lcom/android/dx/rop/code/LocalItem; @ 19
Event: 0.781 Thread 0x00000000174df800 Uncommon trap: reason=unstable_if action=reinterpret pc=0x00000000029f8724 method=com.android.dx.ssa.SsaRenamer$BlockRenamer.addMapping(ILcom/android/dx/rop/code/RegisterSpec;)V @ 120
Event: 0.823 Thread 0x00000000174dd000 Uncommon trap: reason=unstable_if action=reinterpret pc=0x00000000029de6dc method=com.android.dx.rop.code.RegisterSpec.equals(ILcom/android/dx/rop/type/TypeBearer;Lcom/android/dx/rop/code/LocalItem;)Z @ 42
Event: 0.848 Thread 0x0000000017509800 Uncommon trap: reason=bimorphic action=maybe_recompile pc=0x0000000002910620 method=java.util.HashMap.getNode(ILjava/lang/Object;)Ljava/util/HashMap$Node; @ 126
Event: 0.848 Thread 0x0000000017509800 Uncommon trap: reason=class_check action=maybe_recompile pc=0x0000000002acca34 method=java.util.HashMap.putVal(ILjava/lang/Object;Ljava/lang/Object;ZZ)Ljava/lang/Object; @ 203

Internal exceptions (3 events):
Event: 0.031 Thread 0x00000000025b0800 Exception <a 'java/lang/NoSuchMethodError': Method sun.misc.Unsafe.defineClass(Ljava/lang/String;[BII)Ljava/lang/Class; name or signature does not match> (0x00000000eab0d298) thrown at [D:\re\puppet\workspace\8-2-build-windows-amd64-cygwin\jdk8u73\6086\hotaÕ«S ?
Event: 0.031 Thread 0x00000000025b0800 Exception <a 'java/lang/NoSuchMethodError': Method sun.misc.Unsafe.prefetchRead(Ljava/lang/Object;J)V name or signature does not match> (0x00000000eab0d580) thrown at [D:\re\puppet\workspace\8-2-build-windows-amd64-cygwin\jdk8u73\6086\hotspot\src\share\vm\ë¹E(Šå?
Event: 0.673 Thread 0x00000000025b0800 Implicit null exception at 0x0000000002a0a58d to 0x0000000002a0c1bd

Events (10 events):
Event: 1.063 loading class com/android/dx/cf/attrib/AttRuntimeVisibleAnnotations done
Event: 1.063 loading class com/android/dx/cf/attrib/BaseAnnotations
Event: 1.063 loading class com/android/dx/cf/attrib/BaseAnnotations done
Event: 1.085 Thread 0x00000000174d1000 DEOPT PACKING pc=0x00000000029bad8f sp=0x0000000017fbea00
Event: 1.085 Thread 0x00000000174d1000 DEOPT UNPACKING pc=0x00000000026f787f sp=0x0000000017fbe7e0 mode 0
Event: 1.099 loading class java/util/HashMap$KeySet
Event: 1.100 loading class java/util/HashMap$KeySet done
Event: 1.100 loading class java/util/HashMap$KeyIterator
Event: 1.100 loading class java/util/HashMap$KeyIterator done
Event: 1.100 Thread 0x00000000174dd000 Thread exited: 0x00000000174dd000


Dynamic libraries:
0x00007ff7fce20000 - 0x00007ff7fce57000 	C:\Program Files\Java\jdk1.8.0_73\bin\java.exe
0x00007ff904170000 - 0x00007ff904319000 	C:\Windows\SYSTEM32\ntdll.dll
0x00007ff901a00000 - 0x00007ff901b3a000 	C:\Windows\system32\KERNEL32.DLL
0x00007ff901850000 - 0x00007ff90195f000 	C:\Windows\system32\KERNELBASE.dll
0x00007ff903cd0000 - 0x00007ff903d75000 	C:\Windows\system32\ADVAPI32.dll
0x00007ff903300000 - 0x00007ff903471000 	C:\Windows\system32\USER32.dll
0x00007ff8fef70000 - 0x00007ff8ff1ca000 	C:\Windows\WinSxS\amd64_microsoft.windows.common-controls_6595b64144ccf1df_6.0.9600.16384_none_62475f7becb72503\COMCTL32.dll
0x00007ff903240000 - 0x00007ff9032e7000 	C:\Windows\system32\msvcrt.dll
0x00007ff903a90000 - 0x00007ff903ae7000 	C:\Windows\SYSTEM32\sechost.dll
0x00007ff903100000 - 0x00007ff903236000 	C:\Windows\system32\RPCRT4.dll
0x00007ff9035c0000 - 0x00007ff903705000 	C:\Windows\system32\GDI32.dll
0x00007ff904130000 - 0x00007ff904164000 	C:\Windows\system32\IMM32.DLL
0x00007ff903480000 - 0x00007ff9035b9000 	C:\Windows\system32\MSCTF.dll
0x0000000050d20000 - 0x0000000050df2000 	C:\Program Files\Java\jdk1.8.0_73\jre\bin\msvcr100.dll
0x0000000051280000 - 0x0000000051b10000 	C:\Program Files\Java\jdk1.8.0_73\jre\bin\server\jvm.dll
0x00007ff8fa700000 - 0x00007ff8fa709000 	C:\Windows\SYSTEM32\WSOCK32.dll
0x00007ff8fd900000 - 0x00007ff8fd91f000 	C:\Windows\SYSTEM32\WINMM.dll
0x00007ff8ffe00000 - 0x00007ff8ffe0a000 	C:\Windows\SYSTEM32\VERSION.dll
0x00007ff9038e0000 - 0x00007ff9038e7000 	C:\Windows\system32\PSAPI.DLL
0x00007ff903710000 - 0x00007ff903768000 	C:\Windows\system32\WS2_32.dll
0x00007ff8fd8c0000 - 0x00007ff8fd8ea000 	C:\Windows\SYSTEM32\WINMMBASE.dll
0x00007ff904020000 - 0x00007ff904029000 	C:\Windows\system32\NSI.dll
0x00007ff901960000 - 0x00007ff9019aa000 	C:\Windows\SYSTEM32\cfgmgr32.dll
0x00007ff900370000 - 0x00007ff900396000 	C:\Windows\SYSTEM32\DEVOBJ.dll
0x0000000051190000 - 0x000000005119f000 	C:\Program Files\Java\jdk1.8.0_73\jre\bin\verify.dll
0x0000000051160000 - 0x0000000051189000 	C:\Program Files\Java\jdk1.8.0_73\jre\bin\java.dll
0x0000000051140000 - 0x0000000051156000 	C:\Program Files\Java\jdk1.8.0_73\jre\bin\zip.dll
0x00007ff901cf0000 - 0x00007ff9030fe000 	C:\Windows\system32\SHELL32.dll
0x00007ff903af0000 - 0x00007ff903cc7000 	C:\Windows\SYSTEM32\combase.dll
0x00007ff903de0000 - 0x00007ff903e31000 	C:\Windows\system32\SHLWAPI.dll
0x00007ff900050000 - 0x00007ff9000f1000 	C:\Windows\SYSTEM32\SHCORE.dll
0x00007ff9014f0000 - 0x00007ff901504000 	C:\Windows\SYSTEM32\profapi.dll

VM Arguments:
jvm_args: -Djava.awt.headless=true -Xmx1024M -Dfile.encoding=windows-1252 -Duser.country=ES -Duser.language=es -Duser.variant 
java_command: com.android.dx.command.Main --dex --force-jumbo --num-threads=4 --multi-dex --output C:\Users\ANDROID\AndroidStudioProjects\GridView02\app\build\intermediates\transforms\dex\debug\folders\1000\10\instant-run_ba939c2c108bec8635bd1f56dd1aa76f0e7562a8 C:\Users\ANDROID\AndroidStudioProjects\GridView02\app\build\intermediates\incremental-runtime-classes\debug\instant-run.jar
java_class_path (initial): C:\Users\ANDROID\AppData\Local\Android\sdk\build-tools\24.0.1\lib\dx.jar
Launcher Type: SUN_STANDARD

Environment Variables:
PATH=C:\ProgramData\Oracle\Java\javapath;C:\Windows\system32;C:\Windows;C:\Windows\System32\Wbem;C:\Windows\System32\WindowsPowerShell\v1.0\
USERNAME=ANDROID
OS=Windows_NT
PROCESSOR_IDENTIFIER=Intel64 Family 6 Model 58 Stepping 9, GenuineIntel



---------------  S Y S T E M  ---------------

OS: Windows 8.1 , 64 bit Build 9600 (6.3.9600.16384)

CPU:total 8 (4 cores per cpu, 2 threads per core) family 6 model 58 stepping 9, cmov, cx8, fxsr, mmx, sse, sse2, sse3, ssse3, sse4.1, sse4.2, popcnt, avx, aes, clmul, erms, ht, tsc, tscinvbit, tscinv

Memory: 4k page, physical 8341960k(1989076k free), swap 8341960k(8012k free)

vm_info: Java HotSpot(TM) 64-Bit Server VM (25.73-b02) for windows-amd64 JRE (1.8.0_73-b02), built on Jan 29 2016 17:38:49 by "java_re" with MS VC++ 10.0 (VS2010)

time: Sat Aug 27 19:49:22 2016
elapsed time: 1 seconds (0d 0h 0m 1s)

