#
# There is insufficient memory for the Java Runtime Environment to continue.
# Native memory allocation (malloc) failed to allocate 601696 bytes for Chunk::new
# Possible reasons:
#   The system is out of physical RAM or swap space
#   In 32 bit mode, the process size limit was hit
# Possible solutions:
#   Reduce memory load on the system
#   Increase physical memory or swap space
#   Check if swap backing store is full
#   Use 64 bit Java on a 64 bit OS
#   Decrease Java heap size (-Xmx/-Xms)
#   Decrease number of Java threads
#   Decrease Java thread stack sizes (-Xss)
#   Set larger code cache with -XX:ReservedCodeCacheSize=
# This output file may be truncated or incomplete.
#
#  Out of Memory Error (allocation.cpp:390), pid=816, tid=4612
#
# JRE version: Java(TM) SE Runtime Environment (8.0_73-b02) (build 1.8.0_73-b02)
# Java VM: Java HotSpot(TM) 64-Bit Server VM (25.73-b02 mixed mode windows-amd64 compressed oops)
# Failed to write core dump. Minidumps are not enabled by default on client versions of Windows
#

---------------  T H R E A D  ---------------

Current thread (0x00000000172fc000):  JavaThread "C2 CompilerThread2" daemon [_thread_in_native, id=4612, stack(0x0000000017ad0000,0x0000000017bd0000)]

Stack: [0x0000000017ad0000,0x0000000017bd0000]
[error occurred during error reporting (printing stack bounds), id 0xc0000005]

Native frames: (J=compiled Java code, j=interpreted, Vv=VM code, C=native code)


Current CompileTask:
C2:   1132 1347       4       com.android.dx.ssa.LiteralOpUpgrader$1::visitNonMoveInsn (203 bytes)


---------------  P R O C E S S  ---------------

Java Threads: ( => current thread )
  0x0000000017634000 JavaThread "pool-2-thread-4" [_thread_blocked, id=5544, stack(0x00000000182d0000,0x00000000183d0000)]
  0x000000001762d800 JavaThread "pool-2-thread-3" [_thread_in_Java, id=160, stack(0x00000000181d0000,0x00000000182d0000)]
  0x000000001761c800 JavaThread "pool-2-thread-2" [_thread_in_Java, id=2184, stack(0x00000000180d0000,0x00000000181d0000)]
  0x0000000017614800 JavaThread "pool-3-thread-1" [_thread_blocked, id=4788, stack(0x0000000017fd0000,0x00000000180d0000)]
  0x0000000017613800 JavaThread "pool-2-thread-1" [_thread_in_Java, id=4292, stack(0x0000000017ed0000,0x0000000017fd0000)]
  0x00000000173a1800 JavaThread "Service Thread" daemon [_thread_blocked, id=488, stack(0x0000000017cd0000,0x0000000017dd0000)]
  0x000000001730a000 JavaThread "C1 CompilerThread3" daemon [_thread_in_vm, id=5992, stack(0x0000000017bd0000,0x0000000017cd0000)]
=>0x00000000172fc000 JavaThread "C2 CompilerThread2" daemon [_thread_in_native, id=4612, stack(0x0000000017ad0000,0x0000000017bd0000)]
  0x00000000172f4800 JavaThread "C2 CompilerThread1" daemon [_thread_in_native, id=5356, stack(0x00000000179d0000,0x0000000017ad0000)]
  0x0000000017302800 JavaThread "C2 CompilerThread0" daemon [_thread_in_native, id=4532, stack(0x00000000178d0000,0x00000000179d0000)]
  0x0000000017300000 JavaThread "Attach Listener" daemon [_thread_blocked, id=2368, stack(0x00000000177d0000,0x00000000178d0000)]
  0x00000000172fe800 JavaThread "Signal Dispatcher" daemon [_thread_blocked, id=5132, stack(0x00000000176d0000,0x00000000177d0000)]
  0x00000000026d9000 JavaThread "Finalizer" daemon [_thread_blocked, id=4832, stack(0x00000000170d0000,0x00000000171d0000)]
  0x00000000026d2000 JavaThread "Reference Handler" daemon [_thread_blocked, id=1260, stack(0x0000000016fd0000,0x00000000170d0000)]
  0x00000000025e0800 JavaThread "main" [_thread_blocked, id=3088, stack(0x0000000002460000,0x0000000002560000)]

Other Threads:
  0x00000000151f9800 VMThread [stack: 0x0000000016ed0000,0x0000000016fd0000] [id=6084]
  0x00000000173a5000 WatcherThread [stack: 0x0000000017dd0000,0x0000000017ed0000] [id=3984]

VM state:not at safepoint (normal execution)

VM Mutex/Monitor currently owned by a thread: None

Heap:
 PSYoungGen      total 38400K, used 28743K [0x00000000eab00000, 0x00000000ed580000, 0x0000000100000000)
  eden space 33280K, 71% used [0x00000000eab00000,0x00000000ec213bc0,0x00000000ecb80000)
  from space 5120K, 99% used [0x00000000ecb80000,0x00000000ed07e098,0x00000000ed080000)
  to   space 5120K, 0% used [0x00000000ed080000,0x00000000ed080000,0x00000000ed580000)
 ParOldGen       total 87552K, used 1236K [0x00000000c0000000, 0x00000000c5580000, 0x00000000eab00000)
  object space 87552K, 1% used [0x00000000c0000000,0x00000000c0135108,0x00000000c5580000)
 Metaspace       used 6105K, capacity 7024K, committed 7296K, reserved 1056768K
  class space    used 601K, capacity 616K, committed 640K, reserved 1048576K

Card table byte_map: [0x0000000011aa0000,0x0000000011cb0000] byte_map_base: 0x00000000114a0000

Marking Bits: (ParMarkBitMap*) 0x0000000051a90600
 Begin Bits: [0x0000000012610000, 0x0000000013610000)
 End Bits:   [0x0000000013610000, 0x0000000014610000)

Polling page: 0x0000000000ae0000

CodeCache: size=245760Kb used=5808Kb max_used=5808Kb free=239951Kb
 bounds [0x00000000026e0000, 0x0000000002ca0000, 0x00000000116e0000]
 total_blobs=1664 nmethods=1395 adapters=182
 compilation: enabled

Compilation events (10 events):
Event: 1.130 Thread 0x000000001730a000 nmethod 1411 0x0000000002c8c750 code [0x0000000002c8c920, 0x0000000002c8d198]
Event: 1.130 Thread 0x000000001730a000 1389       3       com.android.dx.util.ByteArray$MyInputStream::<init> (20 bytes)
Event: 1.130 Thread 0x000000001730a000 nmethod 1389 0x0000000002c8d590 code [0x0000000002c8d700, 0x0000000002c8d930]
Event: 1.130 Thread 0x000000001730a000 1390       3       com.android.dx.util.ByteArray$MyDataInputStream::<init> (11 bytes)
Event: 1.131 Thread 0x000000001730a000 nmethod 1390 0x0000000002c8da10 code [0x0000000002c8dba0, 0x0000000002c8e070]
Event: 1.131 Thread 0x000000001730a000 1396   !   3       com.android.dx.cf.attrib.BaseLocalVariables::<init> (42 bytes)
Event: 1.131 Thread 0x000000001730a000 nmethod 1396 0x0000000002c8e290 code [0x0000000002c8e440, 0x0000000002c8ea08]
Event: 1.131 Thread 0x000000001730a000 1412       3       com.android.dx.cf.code.LocalVariableList::itemToLocal (47 bytes)
Event: 1.131 Thread 0x000000001730a000 nmethod 1412 0x0000000002c8ed10 code [0x0000000002c8eec0, 0x0000000002c8f438]
Event: 1.131 Thread 0x000000001730a000 1391       3       com.android.dx.cf.code.BytecodeArray::<init> (43 bytes)

GC Heap History (2 events):
Event: 0.910 GC heap before
{Heap before GC invocations=1 (full 0):
 PSYoungGen      total 38400K, used 33280K [0x00000000eab00000, 0x00000000ed580000, 0x0000000100000000)
  eden space 33280K, 100% used [0x00000000eab00000,0x00000000ecb80000,0x00000000ecb80000)
  from space 5120K, 0% used [0x00000000ed080000,0x00000000ed080000,0x00000000ed580000)
  to   space 5120K, 0% used [0x00000000ecb80000,0x00000000ecb80000,0x00000000ed080000)
 ParOldGen       total 87552K, used 0K [0x00000000c0000000, 0x00000000c5580000, 0x00000000eab00000)
  object space 87552K, 0% used [0x00000000c0000000,0x00000000c0000000,0x00000000c5580000)
 Metaspace       used 5940K, capacity 6896K, committed 7040K, reserved 1056768K
  class space    used 599K, capacity 616K, committed 640K, reserved 1048576K
Event: 0.917 GC heap after
Heap after GC invocations=1 (full 0):
 PSYoungGen      total 38400K, used 5112K [0x00000000eab00000, 0x00000000ed580000, 0x0000000100000000)
  eden space 33280K, 0% used [0x00000000eab00000,0x00000000eab00000,0x00000000ecb80000)
  from space 5120K, 99% used [0x00000000ecb80000,0x00000000ed07e098,0x00000000ed080000)
  to   space 5120K, 0% used [0x00000000ed080000,0x00000000ed080000,0x00000000ed580000)
 ParOldGen       total 87552K, used 1236K [0x00000000c0000000, 0x00000000c5580000, 0x00000000eab00000)
  object space 87552K, 1% used [0x00000000c0000000,0x00000000c0135108,0x00000000c5580000)
 Metaspace       used 5940K, capacity 6896K, committed 7040K, reserved 1056768K
  class space    used 599K, capacity 616K, committed 640K, reserved 1048576K
}

Deoptimization events (10 events):
Event: 0.920 Thread 0x000000001762d800 Uncommon trap: reason=unstable_if action=reinterpret pc=0x000000000298f8ac method=com.android.dx.rop.code.RegisterSpecSet.put(Lcom/android/dx/rop/code/RegisterSpec;)V @ 77
Event: 0.920 Thread 0x000000001762d800 Uncommon trap: reason=unstable_if action=reinterpret pc=0x0000000002a76c60 method=com.android.dx.rop.code.RegisterSpecSet.put(Lcom/android/dx/rop/code/RegisterSpec;)V @ 77
Event: 0.920 Thread 0x000000001762d800 Uncommon trap: reason=bimorphic action=maybe_recompile pc=0x000000000293ea4c method=java.util.HashMap.getNode(ILjava/lang/Object;)Ljava/util/HashMap$Node; @ 126
Event: 0.921 Thread 0x000000001762d800 Uncommon trap: reason=class_check action=maybe_recompile pc=0x0000000002a9ea68 method=java.util.HashMap.putVal(ILjava/lang/Object;Ljava/lang/Object;ZZ)Ljava/lang/Object; @ 203
Event: 0.921 Thread 0x000000001762d800 Uncommon trap: reason=bimorphic action=maybe_recompile pc=0x000000000293ea4c method=java.util.HashMap.getNode(ILjava/lang/Object;)Ljava/util/HashMap$Node; @ 126
Event: 0.921 Thread 0x000000001762d800 Uncommon trap: reason=class_check action=maybe_recompile pc=0x0000000002a9ea68 method=java.util.HashMap.putVal(ILjava/lang/Object;Ljava/lang/Object;ZZ)Ljava/lang/Object; @ 203
Event: 0.921 Thread 0x000000001762d800 Uncommon trap: reason=bimorphic action=maybe_recompile pc=0x000000000293ea4c method=java.util.HashMap.getNode(ILjava/lang/Object;)Ljava/util/HashMap$Node; @ 126
Event: 0.921 Thread 0x000000001762d800 Uncommon trap: reason=class_check action=maybe_recompile pc=0x0000000002a9ea68 method=java.util.HashMap.putVal(ILjava/lang/Object;Ljava/lang/Object;ZZ)Ljava/lang/Object; @ 203
Event: 0.921 Thread 0x000000001762d800 Uncommon trap: reason=bimorphic action=maybe_recompile pc=0x0000000002909b64 method=java.util.HashMap.getNode(ILjava/lang/Object;)Ljava/util/HashMap$Node; @ 126
Event: 1.096 Thread 0x00000000025e0800 Uncommon trap: reason=null_check action=make_not_entrant pc=0x00000000029c26e8 method=com.android.dx.ssa.SsaRenamer.getLocalForNewReg(I)Lcom/android/dx/rop/code/LocalItem; @ 19

Internal exceptions (3 events):
Event: 0.030 Thread 0x00000000025e0800 Exception <a 'java/lang/NoSuchMethodError': Method sun.misc.Unsafe.defineClass(Ljava/lang/String;[BII)Ljava/lang/Class; name or signature does not match> (0x00000000eab0d308) thrown at [D:\re\puppet\workspace\8-2-build-windows-amd64-cygwin\jdk8u73\6086\hot÷ÖJ¦Iåž?
Event: 0.030 Thread 0x00000000025e0800 Exception <a 'java/lang/NoSuchMethodError': Method sun.misc.Unsafe.prefetchRead(Ljava/lang/Object;J)V name or signature does not match> (0x00000000eab0d5f0) thrown at [D:\re\puppet\workspace\8-2-build-windows-amd64-cygwin\jdk8u73\6086\hotspot\src\share\vm\ùq)?ˆñ?
Event: 1.096 Thread 0x00000000025e0800 Implicit null exception at 0x00000000029c0f35 to 0x00000000029c26a1

Events (10 events):
Event: 1.046 loading class com/android/dx/dex/file/ParameterAnnotationStruct done
Event: 1.047 loading class com/android/dx/dex/file/UniformListItem
Event: 1.047 loading class com/android/dx/dex/file/UniformListItem done
Event: 1.047 loading class com/android/dx/dex/file/AnnotationSetRefItem
Event: 1.047 loading class com/android/dx/dex/file/AnnotationSetRefItem done
Event: 1.096 Thread 0x00000000025e0800 Uncommon trap: trap_request=0xfffffff4 fr.pc=0x00000000029c26e8
Event: 1.096 Thread 0x00000000025e0800 DEOPT PACKING pc=0x00000000029c26e8 sp=0x000000000255e450
Event: 1.096 Thread 0x00000000025e0800 DEOPT UNPACKING pc=0x000000000272582a sp=0x000000000255e2a8 mode 2
Event: 1.098 Executing VM operation: ForceSafepoint
Event: 1.125 Executing VM operation: ForceSafepoint done


Dynamic libraries:
0x00007ff7fce20000 - 0x00007ff7fce57000 	C:\Program Files\Java\jdk1.8.0_73\bin\java.exe
0x00007ff904170000 - 0x00007ff904319000 	C:\Windows\SYSTEM32\ntdll.dll
0x00007ff901a00000 - 0x00007ff901b3a000 	C:\Windows\system32\KERNEL32.DLL
0x00007ff901850000 - 0x00007ff90195f000 	C:\Windows\system32\KERNELBASE.dll
0x00007ff903cd0000 - 0x00007ff903d75000 	C:\Windows\system32\ADVAPI32.dll
0x00007ff903300000 - 0x00007ff903471000 	C:\Windows\system32\USER32.dll
0x00007ff8fef70000 - 0x00007ff8ff1ca000 	C:\Windows\WinSxS\amd64_microsoft.windows.common-controls_6595b64144ccf1df_6.0.9600.16384_none_62475f7becb72503\COMCTL32.dll
0x00007ff903240000 - 0x00007ff9032e7000 	C:\Windows\system32\msvcrt.dll
0x00007ff903a90000 - 0x00007ff903ae7000 	C:\Windows\SYSTEM32\sechost.dll
0x00007ff903100000 - 0x00007ff903236000 	C:\Windows\system32\RPCRT4.dll
0x00007ff9035c0000 - 0x00007ff903705000 	C:\Windows\system32\GDI32.dll
0x00007ff904130000 - 0x00007ff904164000 	C:\Windows\system32\IMM32.DLL
0x00007ff903480000 - 0x00007ff9035b9000 	C:\Windows\system32\MSCTF.dll
0x0000000050d20000 - 0x0000000050df2000 	C:\Program Files\Java\jdk1.8.0_73\jre\bin\msvcr100.dll
0x0000000051280000 - 0x0000000051b10000 	C:\Program Files\Java\jdk1.8.0_73\jre\bin\server\jvm.dll
0x00007ff8fa700000 - 0x00007ff8fa709000 	C:\Windows\SYSTEM32\WSOCK32.dll
0x00007ff8fd900000 - 0x00007ff8fd91f000 	C:\Windows\SYSTEM32\WINMM.dll
0x00007ff8ffe00000 - 0x00007ff8ffe0a000 	C:\Windows\SYSTEM32\VERSION.dll
0x00007ff9038e0000 - 0x00007ff9038e7000 	C:\Windows\system32\PSAPI.DLL
0x00007ff903710000 - 0x00007ff903768000 	C:\Windows\system32\WS2_32.dll
0x00007ff8fd8c0000 - 0x00007ff8fd8ea000 	C:\Windows\SYSTEM32\WINMMBASE.dll
0x00007ff904020000 - 0x00007ff904029000 	C:\Windows\system32\NSI.dll
0x00007ff901960000 - 0x00007ff9019aa000 	C:\Windows\SYSTEM32\cfgmgr32.dll
0x00007ff900370000 - 0x00007ff900396000 	C:\Windows\SYSTEM32\DEVOBJ.dll
0x0000000051190000 - 0x000000005119f000 	C:\Program Files\Java\jdk1.8.0_73\jre\bin\verify.dll
0x0000000051160000 - 0x0000000051189000 	C:\Program Files\Java\jdk1.8.0_73\jre\bin\java.dll
0x0000000051140000 - 0x0000000051156000 	C:\Program Files\Java\jdk1.8.0_73\jre\bin\zip.dll
0x00007ff901cf0000 - 0x00007ff9030fe000 	C:\Windows\system32\SHELL32.dll
0x00007ff903af0000 - 0x00007ff903cc7000 	C:\Windows\SYSTEM32\combase.dll
0x00007ff903de0000 - 0x00007ff903e31000 	C:\Windows\system32\SHLWAPI.dll
0x00007ff900050000 - 0x00007ff9000f1000 	C:\Windows\SYSTEM32\SHCORE.dll
0x00007ff9014f0000 - 0x00007ff901504000 	C:\Windows\SYSTEM32\profapi.dll

VM Arguments:
jvm_args: -Djava.awt.headless=true -Xmx1024M -Dfile.encoding=windows-1252 -Duser.country=ES -Duser.language=es -Duser.variant 
java_command: com.android.dx.command.Main --dex --force-jumbo --num-threads=4 --multi-dex --output C:\Users\ANDROID\AndroidStudioProjects\GridView02\app\build\intermediates\transforms\dex\debug\folders\1000\10\com.android.support-recyclerview-v7-24.1.1_3b71c640d8331a79e824852f5f87ba6c74848395 C:\Users\ANDROID\AndroidStudioProjects\GridView02\app\build\intermediates\exploded-aar\com.android.support\recyclerview-v7\24.1.1\jars\classes.jar
java_class_path (initial): C:\Users\ANDROID\AppData\Local\Android\sdk\build-tools\24.0.1\lib\dx.jar
Launcher Type: SUN_STANDARD

Environment Variables:
PATH=C:\ProgramData\Oracle\Java\javapath;C:\Windows\system32;C:\Windows;C:\Windows\System32\Wbem;C:\Windows\System32\WindowsPowerShell\v1.0\
USERNAME=ANDROID
OS=Windows_NT
PROCESSOR_IDENTIFIER=Intel64 Family 6 Model 58 Stepping 9, GenuineIntel



---------------  S Y S T E M  ---------------

OS: Windows 8.1 , 64 bit Build 9600 (6.3.9600.16384)

CPU:total 8 (4 cores per cpu, 2 threads per core) family 6 model 58 stepping 9, cmov, cx8, fxsr, mmx, sse, sse2, sse3, ssse3, sse4.1, sse4.2, popcnt, avx, aes, clmul, erms, ht, tsc, tscinvbit, tscinv

Memory: 4k page, physical 8341960k(1985368k free), swap 8341960k(5260k free)

vm_info: Java HotSpot(TM) 64-Bit Server VM (25.73-b02) for windows-amd64 JRE (1.8.0_73-b02), built on Jan 29 2016 17:38:49 by "java_re" with MS VC++ 10.0 (VS2010)

time: Sat Aug 27 19:49:22 2016
elapsed time: 1 seconds (0d 0h 0m 1s)

