#
# There is insufficient memory for the Java Runtime Environment to continue.
# Native memory allocation (malloc) failed to allocate 837376 bytes for Chunk::new
# Possible reasons:
#   The system is out of physical RAM or swap space
#   In 32 bit mode, the process size limit was hit
# Possible solutions:
#   Reduce memory load on the system
#   Increase physical memory or swap space
#   Check if swap backing store is full
#   Use 64 bit Java on a 64 bit OS
#   Decrease Java heap size (-Xmx/-Xms)
#   Decrease number of Java threads
#   Decrease Java thread stack sizes (-Xss)
#   Set larger code cache with -XX:ReservedCodeCacheSize=
# This output file may be truncated or incomplete.
#
#  Out of Memory Error (allocation.cpp:390), pid=1984, tid=5680
#
# JRE version: Java(TM) SE Runtime Environment (8.0_73-b02) (build 1.8.0_73-b02)
# Java VM: Java HotSpot(TM) 64-Bit Server VM (25.73-b02 mixed mode windows-amd64 compressed oops)
# Failed to write core dump. Minidumps are not enabled by default on client versions of Windows
#

---------------  T H R E A D  ---------------

Current thread (0x0000000016e8e800):  JavaThread "C2 CompilerThread1" daemon [_thread_in_native, id=5680, stack(0x0000000017510000,0x0000000017610000)]

Stack: [0x0000000017510000,0x0000000017610000]
[error occurred during error reporting (printing stack bounds), id 0xc0000005]

Native frames: (J=compiled Java code, j=interpreted, Vv=VM code, C=native code)


Current CompileTask:
C2:    714 1175       4       com.android.dx.ssa.SCCP::simulateBlock (54 bytes)


---------------  P R O C E S S  ---------------

Java Threads: ( => current thread )
  0x000000001713b800 JavaThread "pool-2-thread-4" [_thread_in_Java, id=5904, stack(0x0000000018610000,0x0000000018710000)]
  0x0000000017aa6000 JavaThread "pool-2-thread-3" [_thread_in_Java, id=3968, stack(0x0000000018510000,0x0000000018610000)]
  0x0000000017109000 JavaThread "pool-2-thread-2" [_thread_in_Java, id=3812, stack(0x0000000018410000,0x0000000018510000)]
  0x0000000017108800 JavaThread "pool-3-thread-1" [_thread_blocked, id=544, stack(0x0000000018310000,0x0000000018410000)]
  0x0000000017168800 JavaThread "pool-2-thread-1" [_thread_in_Java, id=4740, stack(0x0000000018210000,0x0000000018310000)]
  0x0000000016e9e800 JavaThread "Service Thread" daemon [_thread_blocked, id=3904, stack(0x0000000017810000,0x0000000017910000)]
  0x0000000016e94800 JavaThread "C1 CompilerThread3" daemon [_thread_blocked, id=4752, stack(0x0000000017710000,0x0000000017810000)]
  0x0000000016e8f800 JavaThread "C2 CompilerThread2" daemon [_thread_in_native, id=5908, stack(0x0000000017610000,0x0000000017710000)]
=>0x0000000016e8e800 JavaThread "C2 CompilerThread1" daemon [_thread_in_native, id=5680, stack(0x0000000017510000,0x0000000017610000)]
  0x0000000016e36800 JavaThread "C2 CompilerThread0" daemon [_thread_in_native, id=2904, stack(0x0000000017410000,0x0000000017510000)]
  0x0000000016e34000 JavaThread "Attach Listener" daemon [_thread_blocked, id=492, stack(0x0000000017310000,0x0000000017410000)]
  0x0000000016e33800 JavaThread "Signal Dispatcher" daemon [_thread_blocked, id=2028, stack(0x0000000017210000,0x0000000017310000)]
  0x0000000002229000 JavaThread "Finalizer" daemon [_thread_blocked, id=652, stack(0x0000000016c10000,0x0000000016d10000)]
  0x0000000002222000 JavaThread "Reference Handler" daemon [_thread_blocked, id=6128, stack(0x0000000016b10000,0x0000000016c10000)]
  0x0000000002130800 JavaThread "main" [_thread_blocked, id=5544, stack(0x0000000002030000,0x0000000002130000)]

Other Threads:
  0x0000000014d49800 VMThread [stack: 0x0000000016a10000,0x0000000016b10000] [id=3560]
  0x0000000016ea7800 WatcherThread [stack: 0x0000000017910000,0x0000000017a10000] [id=5404]

VM state:not at safepoint (normal execution)

VM Mutex/Monitor currently owned by a thread: None

Heap:
 PSYoungGen      total 38400K, used 27892K [0x00000000eab00000, 0x00000000ef600000, 0x0000000100000000)
  eden space 33280K, 68% used [0x00000000eab00000,0x00000000ec163418,0x00000000ecb80000)
  from space 5120K, 97% used [0x00000000ecb80000,0x00000000ed059e68,0x00000000ed080000)
  to   space 5120K, 0% used [0x00000000ef100000,0x00000000ef100000,0x00000000ef600000)
 ParOldGen       total 87552K, used 8K [0x00000000c0000000, 0x00000000c5580000, 0x00000000eab00000)
  object space 87552K, 0% used [0x00000000c0000000,0x00000000c0002000,0x00000000c5580000)
 Metaspace       used 6063K, capacity 6960K, committed 7040K, reserved 1056768K
  class space    used 603K, capacity 616K, committed 640K, reserved 1048576K

Card table byte_map: [0x00000000115f0000,0x0000000011800000] byte_map_base: 0x0000000010ff0000

Marking Bits: (ParMarkBitMap*) 0x0000000051a90600
 Begin Bits: [0x0000000012160000, 0x0000000013160000)
 End Bits:   [0x0000000013160000, 0x0000000014160000)

Polling page: 0x00000000006f0000

CodeCache: size=245760Kb used=4711Kb max_used=4711Kb free=241048Kb
 bounds [0x0000000002230000, 0x00000000026e0000, 0x0000000011230000]
 total_blobs=1489 nmethods=1220 adapters=182
 compilation: enabled

Compilation events (10 events):
Event: 0.709 Thread 0x0000000016e94800 1198   !   3       com.android.dx.rop.type.Type::putIntern (50 bytes)
Event: 0.709 Thread 0x0000000016e94800 nmethod 1198 0x00000000026c98d0 code [0x00000000026c9ac0, 0x00000000026ca598]
Event: 0.709 Thread 0x0000000016e94800 1233       3       com.android.dx.dex.code.RopTranslator$TranslationVisitor::visitPlainCstInsn (161 bytes)
Event: 0.710 Thread 0x0000000016e36800 nmethod 1180 0x00000000026caad0 code [0x00000000026cacc0, 0x00000000026cc218]
Event: 0.710 Thread 0x0000000016e36800 1207   !   4       com.android.dx.rop.cst.StdConstantPool::get (24 bytes)
Event: 0.710 Thread 0x0000000016e36800 nmethod 1207 0x00000000026c6950 code [0x00000000026c6a80, 0x00000000026c6b38]
Event: 0.710 Thread 0x0000000016e36800 1211       4       java.io.DataInputStream::readUnsignedShort (39 bytes)
Event: 0.711 Thread 0x0000000016e94800 nmethod 1233 0x00000000026cd610 code [0x00000000026cd9c0, 0x00000000026cfe78]
Event: 0.711 Thread 0x0000000016e94800 1205       3       com.android.dx.cf.code.LocalVariableList::<init> (6 bytes)
Event: 0.711 Thread 0x0000000016e94800 nmethod 1205 0x00000000026c65d0 code [0x00000000026c6740, 0x00000000026c68c8]

GC Heap History (2 events):
Event: 0.510 GC heap before
{Heap before GC invocations=1 (full 0):
 PSYoungGen      total 38400K, used 33280K [0x00000000eab00000, 0x00000000ed580000, 0x0000000100000000)
  eden space 33280K, 100% used [0x00000000eab00000,0x00000000ecb80000,0x00000000ecb80000)
  from space 5120K, 0% used [0x00000000ed080000,0x00000000ed080000,0x00000000ed580000)
  to   space 5120K, 0% used [0x00000000ecb80000,0x00000000ecb80000,0x00000000ed080000)
 ParOldGen       total 87552K, used 0K [0x00000000c0000000, 0x00000000c5580000, 0x00000000eab00000)
  object space 87552K, 0% used [0x00000000c0000000,0x00000000c0000000,0x00000000c5580000)
 Metaspace       used 5857K, capacity 6768K, committed 7040K, reserved 1056768K
  class space    used 601K, capacity 616K, committed 640K, reserved 1048576K
Event: 0.529 GC heap after
Heap after GC invocations=1 (full 0):
 PSYoungGen      total 38400K, used 4967K [0x00000000eab00000, 0x00000000ef600000, 0x0000000100000000)
  eden space 33280K, 0% used [0x00000000eab00000,0x00000000eab00000,0x00000000ecb80000)
  from space 5120K, 97% used [0x00000000ecb80000,0x00000000ed059e68,0x00000000ed080000)
  to   space 5120K, 0% used [0x00000000ef100000,0x00000000ef100000,0x00000000ef600000)
 ParOldGen       total 87552K, used 8K [0x00000000c0000000, 0x00000000c5580000, 0x00000000eab00000)
  object space 87552K, 0% used [0x00000000c0000000,0x00000000c0002000,0x00000000c5580000)
 Metaspace       used 5857K, capacity 6768K, committed 7040K, reserved 1056768K
  class space    used 601K, capacity 616K, committed 640K, reserved 1048576K
}

Deoptimization events (10 events):
Event: 0.203 Thread 0x0000000002130800 Uncommon trap: reason=unstable_if action=reinterpret pc=0x000000000238d714 method=java.lang.String.compareTo(Ljava/lang/String;)I @ 38
Event: 0.385 Thread 0x0000000017168800 Uncommon trap: reason=unstable_if action=reinterpret pc=0x000000000245bffc method=java.util.HashMap.getNode(ILjava/lang/Object;)Ljava/util/HashMap$Node; @ 62
Event: 0.556 Thread 0x0000000017109000 Uncommon trap: reason=unstable_if action=reinterpret pc=0x0000000002476830 method=java.util.BitSet.nextSetBit(I)I @ 87
Event: 0.575 Thread 0x000000001713b800 Uncommon trap: reason=class_check action=maybe_recompile pc=0x000000000250ed3c method=com.android.dx.rop.type.Type.equals(Ljava/lang/Object;)Z @ 8
Event: 0.575 Thread 0x000000001713b800 Uncommon trap: reason=class_check action=maybe_recompile pc=0x000000000250ed3c method=com.android.dx.rop.type.Type.equals(Ljava/lang/Object;)Z @ 8
Event: 0.575 Thread 0x000000001713b800 Uncommon trap: reason=class_check action=maybe_recompile pc=0x000000000250ed3c method=com.android.dx.rop.type.Type.equals(Ljava/lang/Object;)Z @ 8
Event: 0.578 Thread 0x000000001713b800 Uncommon trap: reason=class_check action=maybe_recompile pc=0x000000000250ed3c method=com.android.dx.rop.type.Type.equals(Ljava/lang/Object;)Z @ 8
Event: 0.583 Thread 0x000000001713b800 Uncommon trap: reason=class_check action=maybe_recompile pc=0x00000000024f4b60 method=com.android.dx.rop.type.Type.equals(Ljava/lang/Object;)Z @ 8
Event: 0.583 Thread 0x000000001713b800 Uncommon trap: reason=class_check action=maybe_recompile pc=0x000000000258eea4 method=com.android.dx.rop.type.Type.equals(Ljava/lang/Object;)Z @ 8
Event: 0.694 Thread 0x0000000002130800 Uncommon trap: reason=unloaded action=reinterpret pc=0x00000000026395d8 method=com.android.dx.cf.cst.ConstantPoolParser.parse0(ILjava/util/BitSet;)Lcom/android/dx/rop/cst/Constant; @ 198

Internal exceptions (2 events):
Event: 0.035 Thread 0x0000000002130800 Exception <a 'java/lang/NoSuchMethodError': Method sun.misc.Unsafe.defineClass(Ljava/lang/String;[BII)Ljava/lang/Class; name or signature does not match> (0x00000000eab0d1b8) thrown at [D:\re\puppet\workspace\8-2-build-windows-amd64-cygwin\jdk8u73\6086\hotﬂ¢^«°?
Event: 0.035 Thread 0x0000000002130800 Exception <a 'java/lang/NoSuchMethodError': Method sun.misc.Unsafe.prefetchRead(Ljava/lang/Object;J)V name or signature does not match> (0x00000000eab0d4a0) thrown at [D:\re\puppet\workspace\8-2-build-windows-amd64-cygwin\jdk8u73\6086\hotspot\src\share\vm\

Events (10 events):
Event: 0.578 Thread 0x000000001713b800 DEOPT UNPACKING pc=0x000000000227582a sp=0x000000001870e2e8 mode 2
Event: 0.583 Thread 0x000000001713b800 Uncommon trap: trap_request=0xffffffde fr.pc=0x00000000024f4b60
Event: 0.583 Thread 0x000000001713b800 DEOPT PACKING pc=0x00000000024f4b60 sp=0x000000001870dc10
Event: 0.583 Thread 0x000000001713b800 DEOPT UNPACKING pc=0x000000000227582a sp=0x000000001870d9f0 mode 2
Event: 0.583 Thread 0x000000001713b800 Uncommon trap: trap_request=0xffffffde fr.pc=0x000000000258eea4
Event: 0.583 Thread 0x000000001713b800 DEOPT PACKING pc=0x000000000258eea4 sp=0x000000001870d9d0
Event: 0.583 Thread 0x000000001713b800 DEOPT UNPACKING pc=0x000000000227582a sp=0x000000001870d840 mode 2
Event: 0.694 Thread 0x0000000002130800 Uncommon trap: trap_request=0x000000d2 fr.pc=0x00000000026395d8
Event: 0.694 Thread 0x0000000002130800 DEOPT PACKING pc=0x00000000026395d8 sp=0x000000000212e680
Event: 0.694 Thread 0x0000000002130800 DEOPT UNPACKING pc=0x000000000227582a sp=0x000000000212e648 mode 2


Dynamic libraries:
0x00007ff7fce20000 - 0x00007ff7fce57000 	C:\Program Files\Java\jdk1.8.0_73\bin\java.exe
0x00007ff904170000 - 0x00007ff904319000 	C:\Windows\SYSTEM32\ntdll.dll
0x00007ff901a00000 - 0x00007ff901b3a000 	C:\Windows\system32\KERNEL32.DLL
0x00007ff901850000 - 0x00007ff90195f000 	C:\Windows\system32\KERNELBASE.dll
0x00007ff903cd0000 - 0x00007ff903d75000 	C:\Windows\system32\ADVAPI32.dll
0x00007ff903300000 - 0x00007ff903471000 	C:\Windows\system32\USER32.dll
0x00007ff8fef70000 - 0x00007ff8ff1ca000 	C:\Windows\WinSxS\amd64_microsoft.windows.common-controls_6595b64144ccf1df_6.0.9600.16384_none_62475f7becb72503\COMCTL32.dll
0x00007ff903240000 - 0x00007ff9032e7000 	C:\Windows\system32\msvcrt.dll
0x00007ff903a90000 - 0x00007ff903ae7000 	C:\Windows\SYSTEM32\sechost.dll
0x00007ff903100000 - 0x00007ff903236000 	C:\Windows\system32\RPCRT4.dll
0x00007ff9035c0000 - 0x00007ff903705000 	C:\Windows\system32\GDI32.dll
0x00007ff904130000 - 0x00007ff904164000 	C:\Windows\system32\IMM32.DLL
0x00007ff903480000 - 0x00007ff9035b9000 	C:\Windows\system32\MSCTF.dll
0x0000000050d20000 - 0x0000000050df2000 	C:\Program Files\Java\jdk1.8.0_73\jre\bin\msvcr100.dll
0x0000000051280000 - 0x0000000051b10000 	C:\Program Files\Java\jdk1.8.0_73\jre\bin\server\jvm.dll
0x00007ff8fa700000 - 0x00007ff8fa709000 	C:\Windows\SYSTEM32\WSOCK32.dll
0x00007ff8fd900000 - 0x00007ff8fd91f000 	C:\Windows\SYSTEM32\WINMM.dll
0x00007ff8ffe00000 - 0x00007ff8ffe0a000 	C:\Windows\SYSTEM32\VERSION.dll
0x00007ff9038e0000 - 0x00007ff9038e7000 	C:\Windows\system32\PSAPI.DLL
0x00007ff903710000 - 0x00007ff903768000 	C:\Windows\system32\WS2_32.dll
0x00007ff8fd8c0000 - 0x00007ff8fd8ea000 	C:\Windows\SYSTEM32\WINMMBASE.dll
0x00007ff904020000 - 0x00007ff904029000 	C:\Windows\system32\NSI.dll
0x00007ff901960000 - 0x00007ff9019aa000 	C:\Windows\SYSTEM32\cfgmgr32.dll
0x00007ff900370000 - 0x00007ff900396000 	C:\Windows\SYSTEM32\DEVOBJ.dll
0x0000000051190000 - 0x000000005119f000 	C:\Program Files\Java\jdk1.8.0_73\jre\bin\verify.dll
0x0000000051160000 - 0x0000000051189000 	C:\Program Files\Java\jdk1.8.0_73\jre\bin\java.dll
0x0000000051140000 - 0x0000000051156000 	C:\Program Files\Java\jdk1.8.0_73\jre\bin\zip.dll
0x00007ff901cf0000 - 0x00007ff9030fe000 	C:\Windows\system32\SHELL32.dll
0x00007ff903af0000 - 0x00007ff903cc7000 	C:\Windows\SYSTEM32\combase.dll
0x00007ff903de0000 - 0x00007ff903e31000 	C:\Windows\system32\SHLWAPI.dll
0x00007ff900050000 - 0x00007ff9000f1000 	C:\Windows\SYSTEM32\SHCORE.dll
0x00007ff9014f0000 - 0x00007ff901504000 	C:\Windows\SYSTEM32\profapi.dll

VM Arguments:
jvm_args: -Djava.awt.headless=true -Xmx1024M -Dfile.encoding=windows-1252 -Duser.country=ES -Duser.language=es -Duser.variant 
java_command: com.android.dx.command.Main --dex --force-jumbo --num-threads=4 --multi-dex --output C:\Users\ANDROID\AndroidStudioProjects\GridView02\app\build\intermediates\transforms\dex\debug\folders\1000\10\com.android.support-support-v4-24.1.1_38d5f45fd454a6465bda3bf3d3c177b386428ca6 C:\Users\ANDROID\AndroidStudioProjects\GridView02\app\build\intermediates\exploded-aar\com.android.support\support-v4\24.1.1\jars\classes.jar
java_class_path (initial): C:\Users\ANDROID\AppData\Local\Android\sdk\build-tools\24.0.1\lib\dx.jar
Launcher Type: SUN_STANDARD

Environment Variables:
PATH=C:\ProgramData\Oracle\Java\javapath;C:\Windows\system32;C:\Windows;C:\Windows\System32\Wbem;C:\Windows\System32\WindowsPowerShell\v1.0\
USERNAME=ANDROID
OS=Windows_NT
PROCESSOR_IDENTIFIER=Intel64 Family 6 Model 58 Stepping 9, GenuineIntel



---------------  S Y S T E M  ---------------

OS: Windows 8.1 , 64 bit Build 9600 (6.3.9600.16384)

CPU:total 8 (4 cores per cpu, 2 threads per core) family 6 model 58 stepping 9, cmov, cx8, fxsr, mmx, sse, sse2, sse3, ssse3, sse4.1, sse4.2, popcnt, avx, aes, clmul, erms, ht, tsc, tscinvbit, tscinv

Memory: 4k page, physical 8341960k(2054560k free), swap 8341960k(5112k free)

vm_info: Java HotSpot(TM) 64-Bit Server VM (25.73-b02) for windows-amd64 JRE (1.8.0_73-b02), built on Jan 29 2016 17:38:49 by "java_re" with MS VC++ 10.0 (VS2010)

time: Sat Aug 27 19:49:20 2016
elapsed time: 0 seconds (0d 0h 0m 0s)

